<?xml version="1.0" encoding="UTF-8"?>
<testsuite name="com.alkologic.commons.CTest" tests="3" skipped="0" failures="0" errors="0" timestamp="2020-07-09T09:47:56" hostname="DESKTOP-52NO2ET" time="0.003">
  <properties/>
  <testcase name="isMapEmpty" classname="com.alkologic.commons.CTest" time="0.001"/>
  <testcase name="isEmptyTest" classname="com.alkologic.commons.CTest" time="0.0"/>
  <testcase name="isCollectionEmptyTest" classname="com.alkologic.commons.CTest" time="0.0"/>
  <system-out><![CDATA[]]></system-out>
  <system-err><![CDATA[]]></system-err>
</testsuite>
