<?xml version="1.0" encoding="UTF-8"?>
<testsuite name="com.alkologic.commons.StreamsTest" tests="1" skipped="0" failures="0" errors="0" timestamp="2020-07-09T09:47:57" hostname="DESKTOP-52NO2ET" time="0.001">
  <properties/>
  <testcase name="testInputOutput" classname="com.alkologic.commons.StreamsTest" time="0.001"/>
  <system-out><![CDATA[]]></system-out>
  <system-err><![CDATA[]]></system-err>
</testsuite>
