<?xml version="1.0" encoding="UTF-8"?>
<testsuite name="com.alkologic.commons.LimitSizeLinkedQueueTest" tests="2" skipped="0" failures="0" errors="0" timestamp="2020-07-09T09:47:56" hostname="DESKTOP-52NO2ET" time="0.002">
  <properties/>
  <testcase name="testAddAndPop" classname="com.alkologic.commons.LimitSizeLinkedQueueTest" time="0.001"/>
  <testcase name="testMaxSize" classname="com.alkologic.commons.LimitSizeLinkedQueueTest" time="0.001"/>
  <system-out><![CDATA[]]></system-out>
  <system-err><![CDATA[]]></system-err>
</testsuite>
