<?xml version="1.0" encoding="UTF-8"?>
<testsuite name="com.alkologic.commons.SignerTest" tests="1" skipped="0" failures="0" errors="0" timestamp="2020-07-09T09:47:56" hostname="DESKTOP-52NO2ET" time="0.835">
  <properties/>
  <testcase name="testSignHMACDigest" classname="com.alkologic.commons.SignerTest" time="0.835"/>
  <system-out><![CDATA[]]></system-out>
  <system-err><![CDATA[]]></system-err>
</testsuite>
