<?xml version="1.0" encoding="UTF-8"?>
<testsuite name="com.alkologic.commons.BenchmarkTest" tests="1" skipped="0" failures="0" errors="0" timestamp="2020-07-09T09:47:56" hostname="DESKTOP-52NO2ET" time="0.107">
  <properties/>
  <testcase name="testBenchmark" classname="com.alkologic.commons.BenchmarkTest" time="0.107"/>
  <system-out><![CDATA[]]></system-out>
  <system-err><![CDATA[]]></system-err>
</testsuite>
